0 info it worked if it ends with ok
1 verbose cli [ 'C:\\Program Files\\nodejs\\node.exe',
1 verbose cli   'C:\\Program Files\\nodejs\\node_modules\\npm\\bin\\npm-cli.js',
1 verbose cli   'run',
1 verbose cli   'postinstall' ]
2 info using npm@3.9.5
3 info using node@v6.2.2
4 verbose run-script [ 'postinstall' ]
5 info lifecycle learn-redux@1.0.0~postinstall: learn-redux@1.0.0
6 verbose lifecycle learn-redux@1.0.0~postinstall: unsafe-perm in lifecycle true
7 verbose lifecycle learn-redux@1.0.0~postinstall: PATH: C:\Program Files\nodejs\node_modules\npm\bin\node-gyp-bin;C:\Users\Omar-PC\My Documents\testTechs\reduxJs\NiggAnstagram\node_modules\.bin;C:\Program Files\nodejs;C:\Program Files\Docker\Docker\Resources\bin;C:\ProgramData\Oracle\Java\javapath;C:\Windows\system32;C:\Windows;C:\Windows\System32\Wbem;C:\Windows\System32\WindowsPowerShell\v1.0\;C:\Program Files (x86)\ATI Technologies\ATI.ACE\Core-Static;C:\Program Files\Git\cmd;C:\Program Files\Git\mingw64\bin;C:\Program Files\Git\usr\bin;C:\Program Files (x86)\Skype\Phone\;C:\MAMP\bin\php\php5.6.21;C:\ProgramData\ComposerSetup\bin;C:\Program Files (x86)\GtkSharp\2.12\bin;C:\xampp\php;C:\Program Files\nodejs\;C:\Program Files (x86)\Heroku\bin;C:\Program Files (x86)\git\cmd;C:\Users\Omar-PC\AppData\Roaming\Composer\vendor\bin;C:\xampp\php\php.exe;C:\Program Files (x86)\Microsoft VS Code\bin;C:\Users\Omar-PC\AppData\Roaming\npm
8 verbose lifecycle learn-redux@1.0.0~postinstall: CWD: C:\Users\Omar-PC\My Documents\testTechs\reduxJs\NiggAnstagram
9 silly lifecycle learn-redux@1.0.0~postinstall: Args: [ '/d /s /c',
9 silly lifecycle   'npm run clean && webpack --config ./webpack-config.dev.js --progress --colors' ]
10 silly lifecycle learn-redux@1.0.0~postinstall: Returned: code: 1  signal: null
11 info lifecycle learn-redux@1.0.0~postinstall: Failed to exec postinstall script
12 verbose stack Error: learn-redux@1.0.0 postinstall: `npm run clean && webpack --config ./webpack-config.dev.js --progress --colors`
12 verbose stack Exit status 1
12 verbose stack     at EventEmitter.<anonymous> (C:\Program Files\nodejs\node_modules\npm\lib\utils\lifecycle.js:245:16)
12 verbose stack     at emitTwo (events.js:106:13)
12 verbose stack     at EventEmitter.emit (events.js:191:7)
12 verbose stack     at ChildProcess.<anonymous> (C:\Program Files\nodejs\node_modules\npm\lib\utils\spawn.js:24:14)
12 verbose stack     at emitTwo (events.js:106:13)
12 verbose stack     at ChildProcess.emit (events.js:191:7)
12 verbose stack     at maybeClose (internal/child_process.js:852:16)
12 verbose stack     at Process.ChildProcess._handle.onexit (internal/child_process.js:215:5)
13 verbose pkgid learn-redux@1.0.0
14 verbose cwd C:\Users\Omar-PC\My Documents\testTechs\reduxJs\NiggAnstagram
15 error Windows_NT 10.0.10586
16 error argv "C:\\Program Files\\nodejs\\node.exe" "C:\\Program Files\\nodejs\\node_modules\\npm\\bin\\npm-cli.js" "run" "postinstall"
17 error node v6.2.2
18 error npm  v3.9.5
19 error code ELIFECYCLE
20 error learn-redux@1.0.0 postinstall: `npm run clean && webpack --config ./webpack-config.dev.js --progress --colors`
20 error Exit status 1
21 error Failed at the learn-redux@1.0.0 postinstall script 'npm run clean && webpack --config ./webpack-config.dev.js --progress --colors'.
21 error Make sure you have the latest version of node.js and npm installed.
21 error If you do, this is most likely a problem with the learn-redux package,
21 error not with npm itself.
21 error Tell the author that this fails on your system:
21 error     npm run clean && webpack --config ./webpack-config.dev.js --progress --colors
21 error You can get information on how to open an issue for this project with:
21 error     npm bugs learn-redux
21 error Or if that isn't available, you can get their info via:
21 error     npm owner ls learn-redux
21 error There is likely additional logging output above.
22 verbose exit [ 1, true ]
